24-11-2025 22:12:36:1236 [31merror[39m: [31m❌ JWT expiré :[39m
24-11-2025 23:25:02:252 [31merror[39m: [31m❌ JWT expiré :[39m
24-11-2025 23:25:02:252 [31merror[39m: [31m❌ JWT expiré :[39m
24-11-2025 23:25:07:257 [31merror[39m: [31m❌ JWT expiré :[39m
24-11-2025 23:25:07:257 [31merror[39m: [31m❌ JWT expiré :[39m
24-11-2025 23:25:07:257 [31merror[39m: [31m❌ JWT expiré :[39m
24-11-2025 23:25:07:257 [31merror[39m: [31m❌ JWT expiré :[39m
24-11-2025 23:25:10:2510 [31merror[39m: [31m❌ JWT expiré :[39m
24-11-2025 23:25:10:2510 [31merror[39m: [31m❌ JWT expiré :[39m
24-11-2025 23:25:11:2511 [31merror[39m: [31m❌ JWT expiré :[39m
24-11-2025 23:25:11:2511 [31merror[39m: [31m❌ JWT expiré :[39m
24-11-2025 23:25:20:2520 [31merror[39m: [31m❌ JWT expiré :[39m
24-11-2025 23:25:20:2520 [31merror[39m: [31m❌ JWT expiré :[39m
24-11-2025 23:25:21:2521 [31merror[39m: [31m❌ JWT expiré :[39m
24-11-2025 23:25:21:2521 [31merror[39m: [31m❌ JWT expiré :[39m
24-11-2025 23:25:21:2521 [31merror[39m: [31m❌ JWT expiré :[39m
24-11-2025 23:25:21:2521 [31merror[39m: [31m❌ JWT expiré :[39m
24-11-2025 23:25:23:2523 [31merror[39m: [31m❌ JWT expiré :[39m
24-11-2025 23:25:23:2523 [31merror[39m: [31m❌ JWT expiré :[39m
25-11-2025 03:50:37:5037 [31merror[39m: [31m❌ JWT expiré :[39m
25-11-2025 03:50:37:5037 [31merror[39m: [31m❌ JWT expiré :[39m
25-11-2025 03:50:37:5037 [31merror[39m: [31m❌ JWT expiré :[39m
25-11-2025 09:13:11:1311 [31merror[39m: [31m❌ JWT expiré :[39m
25-11-2025 09:13:11:1311 [31merror[39m: [31m❌ JWT expiré :[39m
25-11-2025 09:13:13:1313 [31merror[39m: [31m❌ JWT expiré :[39m
25-11-2025 09:13:13:1313 [31merror[39m: [31m❌ JWT expiré :[39m
25-11-2025 09:13:14:1314 [31merror[39m: [31m❌ JWT expiré :[39m
25-11-2025 09:13:14:1314 [31merror[39m: [31m❌ JWT expiré :[39m
25-11-2025 12:12:52:1252 [31merror[39m: [31m❌ JWT expiré :[39m
25-11-2025 12:12:52:1252 [31merror[39m: [31m❌ JWT expiré :[39m
25-11-2025 12:13:08:138 [31merror[39m: [31m❌ JWT expiré :[39m
25-11-2025 12:13:08:138 [31merror[39m: [31m❌ JWT expiré :[39m
25-11-2025 12:13:12:1312 [31merror[39m: [31m❌ JWT expiré :[39m
25-11-2025 12:13:12:1312 [31merror[39m: [31m❌ JWT expiré :[39m
25-11-2025 12:13:12:1312 [31merror[39m: [31m❌ JWT expiré :[39m
25-11-2025 12:13:12:1312 [31merror[39m: [31m❌ JWT expiré :[39m
25-11-2025 12:13:12:1312 [31merror[39m: [31m❌ JWT expiré :[39m
25-11-2025 12:13:12:1312 [31merror[39m: [31m❌ JWT expiré :[39m
25-11-2025 13:58:03:583 [31merror[39m: [31m❌ JWT expiré :[39m
25-11-2025 13:58:03:583 [31merror[39m: [31m❌ JWT expiré :[39m
25-11-2025 13:58:03:583 [31merror[39m: [31m❌ JWT expiré :[39m
25-11-2025 13:58:05:585 [31merror[39m: [31m❌ JWT expiré :[39m
25-11-2025 13:58:05:585 [31merror[39m: [31m❌ JWT expiré :[39m
25-11-2025 13:58:06:586 [31merror[39m: [31m❌ JWT expiré :[39m
25-11-2025 13:58:06:586 [31merror[39m: [31m❌ JWT expiré :[39m
25-11-2025 13:58:07:587 [31merror[39m: [31m❌ JWT expiré :[39m
25-11-2025 13:58:07:587 [31merror[39m: [31m❌ JWT expiré :[39m
25-11-2025 13:58:07:587 [31merror[39m: [31m❌ JWT expiré :[39m
25-11-2025 13:58:07:587 [31merror[39m: [31m❌ JWT expiré :[39m
25-11-2025 13:58:07:587 [31merror[39m: [31m❌ JWT expiré :[39m
25-11-2025 13:58:07:587 [31merror[39m: [31m❌ JWT expiré :[39m
25-11-2025 13:58:07:587 [31merror[39m: [31m❌ JWT expiré :[39m
25-11-2025 13:58:07:587 [31merror[39m: [31m❌ JWT expiré :[39m
25-11-2025 16:02:37:237 [31merror[39m: [31m❌ JWT expiré :[39m
25-11-2025 16:02:37:237 [31merror[39m: [31m❌ JWT expiré :[39m
25-11-2025 16:02:37:237 [31merror[39m: [31m❌ JWT expiré :[39m
26-11-2025 16:10:53:1053 [31merror[39m: [31m❌ JWT expiré :[39m
26-11-2025 16:10:53:1053 [31merror[39m: [31m❌ JWT expiré :[39m
26-11-2025 16:10:53:1053 [31merror[39m: [31m❌ JWT expiré :[39m
26-11-2025 16:10:57:1057 [31merror[39m: [31m❌ JWT expiré :[39m
26-11-2025 16:10:57:1057 [31merror[39m: [31m❌ JWT expiré :[39m
26-11-2025 16:10:58:1058 [31merror[39m: [31m❌ JWT expiré :[39m
26-11-2025 16:10:58:1058 [31merror[39m: [31m❌ JWT expiré :[39m
26-11-2025 16:10:59:1059 [31merror[39m: [31m❌ JWT expiré :[39m
26-11-2025 16:10:59:1059 [31merror[39m: [31m❌ JWT expiré :[39m
26-11-2025 16:10:59:1059 [31merror[39m: [31m❌ JWT expiré :[39m
26-11-2025 16:10:59:1059 [31merror[39m: [31m❌ JWT expiré :[39m
26-11-2025 16:10:59:1059 [31merror[39m: [31m❌ JWT expiré :[39m
26-11-2025 16:10:59:1059 [31merror[39m: [31m❌ JWT expiré :[39m
26-11-2025 16:11:00:110 [31merror[39m: [31m❌ JWT expiré :[39m
26-11-2025 16:11:00:110 [31merror[39m: [31m❌ JWT expiré :[39m
26-11-2025 16:11:01:111 [31merror[39m: [31m❌ JWT expiré :[39m
26-11-2025 16:11:01:111 [31merror[39m: [31m❌ JWT expiré :[39m
26-11-2025 19:40:31:4031 [31merror[39m: [31m❌ Erreur lors de la création de session : Error: Data truncated for column 'status' at row 1[39m
26-11-2025 19:40:31:4031 [31merror[39m: [31m❌ Erreur lors de la création de session : Error: Data truncated for column 'status' at row 1[39m
26-11-2025 21:15:04:154 [31merror[39m: [31m❌ JWT expiré :[39m
26-11-2025 21:15:04:154 [31merror[39m: [31m❌ JWT expiré :[39m
26-11-2025 21:15:04:154 [31merror[39m: [31m❌ JWT expiré :[39m
26-11-2025 21:15:18:1518 [31merror[39m: [31m❌ Erreur lors de la création de session : Error: Field 'expires_at' doesn't have a default value[39m
26-11-2025 21:15:18:1518 [31merror[39m: [31m❌ Erreur lors de la création de session : Error: Field 'expires_at' doesn't have a default value[39m
26-11-2025 21:17:05:175 [31merror[39m: [31m❌ Erreur lors de la création de session : Error: Field 'expires_at' doesn't have a default value[39m
26-11-2025 21:21:48:2148 [31merror[39m: [31m❌ Erreur lors de la création de session : Error: Field 'expires_at' doesn't have a default value[39m
26-11-2025 21:47:23:4723 [31merror[39m: [31m❌ Erreur lors de la création de session : Error: Field 'expires_at' doesn't have a default value[39m
26-11-2025 21:48:25:4825 [31merror[39m: [31m❌ Erreur lors de la création de session : Error: Column count doesn't match value count at row 1[39m
26-11-2025 21:49:22:4922 [31merror[39m: [31m❌ Erreur lors de la création de session : Error: Column count doesn't match value count at row 1[39m
26-11-2025 22:21:29:2129 [31merror[39m: [31m❌ JWT expiré :[39m
26-11-2025 23:58:16:5816 [31merror[39m: [31m❌ JWT expiré :[39m
26-11-2025 23:58:16:5816 [31merror[39m: [31m❌ JWT expiré :[39m
26-11-2025 23:58:16:5816 [31merror[39m: [31m❌ JWT expiré :[39m
27-11-2025 13:58:15:5815 [31merror[39m: [31m❌ JWT expiré :[39m
27-11-2025 13:58:15:5815 [31merror[39m: [31m❌ JWT expiré :[39m
27-11-2025 13:58:15:5815 [31merror[39m: [31m❌ JWT expiré :[39m
27-11-2025 13:58:15:5815 [31merror[39m: [31m❌ JWT expiré :[39m
27-11-2025 13:58:15:5815 [31merror[39m: [31m❌ JWT expiré :[39m
27-11-2025 14:41:25:4125 [31merror[39m: [31m❌ Erreur lors de la création de session : Error: Incorrect datetime value: '2025-11-27T14:41:25.717Z' for column 'expires_at' at row 1[39m
27-11-2025 14:41:25:4125 [31merror[39m: [31m❌ Erreur lors de la création de session : Error: Incorrect datetime value: '2025-11-27T14:41:25.717Z' for column 'expires_at' at row 1[39m
27-11-2025 15:12:22:1222 [31merror[39m: [31m❌ JWT expiré :[39m
27-11-2025 15:12:22:1222 [31merror[39m: [31m❌ JWT expiré :[39m
27-11-2025 15:12:39:1239 [31merror[39m: [31m❌ Erreur lors de la création de session : Error: Incorrect datetime value: '2025-11-27T15:12:39.027Z' for column 'expires_at' at row 1[39m
27-11-2025 15:12:39:1239 [31merror[39m: [31m❌ Erreur lors de la création de session : Error: Incorrect datetime value: '2025-11-27T15:12:39.028Z' for column 'expires_at' at row 1[39m
27-11-2025 15:30:39:3039 [31merror[39m: [31m❌ Erreur lors de la création de session : Error: Incorrect datetime value: '2025-11-27T15:30:39.275Z' for column 'expires_at' at row 1[39m
27-11-2025 15:30:39:3039 [31merror[39m: [31m❌ Erreur lors de la création de session : Error: Incorrect datetime value: '2025-11-27T15:30:39.283Z' for column 'expires_at' at row 1[39m
27-11-2025 21:05:26:526 [31merror[39m: [31m❌ JWT expiré :[39m
27-11-2025 21:05:26:526 [31merror[39m: [31m❌ JWT expiré :[39m
27-11-2025 21:05:26:526 [31merror[39m: [31m❌ JWT expiré :[39m
27-11-2025 21:05:26:526 [31merror[39m: [31m❌ JWT expiré :[39m
27-11-2025 21:05:26:526 [31merror[39m: [31m❌ JWT expiré :[39m
27-11-2025 23:21:02:212 [31merror[39m: [31m❌ Erreur lors de la création de session : Error: You have an error in your SQL syntax; check the manual that corresponds to your MySQL server version for the right syntax to use near 'sessions (code, owner_id, status, expires_at) values(?, ?, ?, ?)' at line 1[39m
27-11-2025 23:21:02:212 [31merror[39m: [31m❌ Erreur lors de la création de session : Error: You have an error in your SQL syntax; check the manual that corresponds to your MySQL server version for the right syntax to use near 'sessions (code, owner_id, status, expires_at) values(?, ?, ?, ?)' at line 1[39m
27-11-2025 23:21:36:2136 [31merror[39m: [31m❌ Erreur lors de la création de session : Error: You have an error in your SQL syntax; check the manual that corresponds to your MySQL server version for the right syntax to use near 'sessions (code, owner_id, status, expires_at) values(?, ?, ?, ?)' at line 1[39m
27-11-2025 23:21:36:2136 [31merror[39m: [31m❌ Erreur lors de la création de session : Error: You have an error in your SQL syntax; check the manual that corresponds to your MySQL server version for the right syntax to use near 'sessions (code, owner_id, status, expires_at) values(?, ?, ?, ?)' at line 1[39m
28-11-2025 10:15:48:1548 [31merror[39m: [31m❌ JWT expiré :[39m
28-11-2025 10:15:48:1548 [31merror[39m: [31m❌ JWT expiré :[39m
28-11-2025 10:15:48:1548 [31merror[39m: [31m❌ JWT expiré :[39m
28-11-2025 10:15:48:1548 [31merror[39m: [31m❌ JWT expiré :[39m
28-11-2025 10:15:48:1548 [31merror[39m: [31m❌ JWT expiré :[39m
28-11-2025 10:16:54:1654 [31merror[39m: [31m❌ Erreur lors de la création de session : Error: You have an error in your SQL syntax; check the manual that corresponds to your MySQL server version for the right syntax to use near 'sessions (code, owner_id, status, expires_at) values(?, ?, ?, ?)' at line 1[39m
28-11-2025 10:16:54:1654 [31merror[39m: [31m❌ Erreur lors de la création de session : Error: You have an error in your SQL syntax; check the manual that corresponds to your MySQL server version for the right syntax to use near 'sessions (code, owner_id, status, expires_at) values(?, ?, ?, ?)' at line 1[39m
28-11-2025 10:31:06:316 [31merror[39m: [31m❌ Erreur lors de la création de session : Error: You have an error in your SQL syntax; check the manual that corresponds to your MySQL server version for the right syntax to use near 'sessions (code, owner_id, status, expires_at) values(?, ?, ?, ?)' at line 1[39m
28-11-2025 10:31:06:316 [31merror[39m: [31m❌ Erreur lors de la création de session : Error: You have an error in your SQL syntax; check the manual that corresponds to your MySQL server version for the right syntax to use near 'sessions (code, owner_id, status, expires_at) values(?, ?, ?, ?)' at line 1[39m
28-11-2025 10:31:24:3124 [31merror[39m: [31m❌ Erreur lors de la création de session : Error: You have an error in your SQL syntax; check the manual that corresponds to your MySQL server version for the right syntax to use near 'sessions (code, owner_id, status, expires_at) values(?, ?, ?, ?)' at line 1[39m
28-11-2025 10:31:24:3124 [31merror[39m: [31m❌ Erreur lors de la création de session : Error: You have an error in your SQL syntax; check the manual that corresponds to your MySQL server version for the right syntax to use near 'sessions (code, owner_id, status, expires_at) values(?, ?, ?, ?)' at line 1[39m
28-11-2025 10:31:27:3127 [31merror[39m: [31m❌ Erreur lors de la création de session : Error: You have an error in your SQL syntax; check the manual that corresponds to your MySQL server version for the right syntax to use near 'sessions (code, owner_id, status, expires_at) values(?, ?, ?, ?)' at line 1[39m
28-11-2025 10:31:27:3127 [31merror[39m: [31m❌ Erreur lors de la création de session : Error: You have an error in your SQL syntax; check the manual that corresponds to your MySQL server version for the right syntax to use near 'sessions (code, owner_id, status, expires_at) values(?, ?, ?, ?)' at line 1[39m
28-11-2025 10:31:28:3128 [31merror[39m: [31m❌ Erreur lors de la création de session : Error: You have an error in your SQL syntax; check the manual that corresponds to your MySQL server version for the right syntax to use near 'sessions (code, owner_id, status, expires_at) values(?, ?, ?, ?)' at line 1[39m
28-11-2025 10:31:28:3128 [31merror[39m: [31m❌ Erreur lors de la création de session : Error: You have an error in your SQL syntax; check the manual that corresponds to your MySQL server version for the right syntax to use near 'sessions (code, owner_id, status, expires_at) values(?, ?, ?, ?)' at line 1[39m
28-11-2025 10:31:28:3128 [31merror[39m: [31m❌ Erreur lors de la création de session : Error: You have an error in your SQL syntax; check the manual that corresponds to your MySQL server version for the right syntax to use near 'sessions (code, owner_id, status, expires_at) values(?, ?, ?, ?)' at line 1[39m
28-11-2025 10:31:28:3128 [31merror[39m: [31m❌ Erreur lors de la création de session : Error: You have an error in your SQL syntax; check the manual that corresponds to your MySQL server version for the right syntax to use near 'sessions (code, owner_id, status, expires_at) values(?, ?, ?, ?)' at line 1[39m
28-11-2025 10:31:29:3129 [31merror[39m: [31m❌ Erreur lors de la création de session : Error: You have an error in your SQL syntax; check the manual that corresponds to your MySQL server version for the right syntax to use near 'sessions (code, owner_id, status, expires_at) values(?, ?, ?, ?)' at line 1[39m
28-11-2025 10:31:29:3129 [31merror[39m: [31m❌ Erreur lors de la création de session : Error: You have an error in your SQL syntax; check the manual that corresponds to your MySQL server version for the right syntax to use near 'sessions (code, owner_id, status, expires_at) values(?, ?, ?, ?)' at line 1[39m
28-11-2025 14:29:58:2958 [31merror[39m: [31m❌ JWT expiré :[39m
28-11-2025 14:29:58:2958 [31merror[39m: [31m❌ JWT expiré :[39m
28-11-2025 14:29:58:2958 [31merror[39m: [31m❌ JWT expiré :[39m
28-11-2025 14:29:58:2958 [31merror[39m: [31m❌ JWT expiré :[39m
28-11-2025 14:29:58:2958 [31merror[39m: [31m❌ JWT expiré :[39m
28-11-2025 16:18:09:189 [31merror[39m: [31m❌ JWT expiré :[39m
28-11-2025 16:18:09:189 [31merror[39m: [31m❌ JWT expiré :[39m
28-11-2025 16:18:09:189 [31merror[39m: [31m❌ JWT expiré :[39m
28-11-2025 16:18:09:189 [31merror[39m: [31m❌ JWT expiré :[39m
28-11-2025 16:18:09:189 [31merror[39m: [31m❌ JWT expiré :[39m
28-11-2025 23:11:34:1134 [31merror[39m: [31m❌ JWT expiré :[39m
28-11-2025 23:11:34:1134 [31merror[39m: [31m❌ JWT expiré :[39m
28-11-2025 23:11:34:1134 [31merror[39m: [31m❌ JWT expiré :[39m
28-11-2025 23:11:34:1134 [31merror[39m: [31m❌ JWT expiré :[39m
29-11-2025 03:40:02:402 [31merror[39m: [31m❌ JWT expiré :[39m
29-11-2025 03:40:02:402 [31merror[39m: [31m❌ JWT expiré :[39m
29-11-2025 03:40:02:402 [31merror[39m: [31m❌ JWT expiré :[39m
29-11-2025 03:40:02:402 [31merror[39m: [31m❌ JWT expiré :[39m
29-11-2025 13:30:04:304 [31merror[39m: [31m❌ JWT expiré :[39m
29-11-2025 13:30:04:304 [31merror[39m: [31m❌ JWT expiré :[39m
01-12-2025 07:06:54:654 [31merror[39m: [31m❌ JWT expiré :[39m
01-12-2025 07:06:54:654 [31merror[39m: [31m❌ JWT expiré :[39m
01-12-2025 07:06:54:654 [31merror[39m: [31m❌ JWT expiré :[39m
01-12-2025 07:06:54:654 [31merror[39m: [31m❌ JWT expiré :[39m
01-12-2025 10:06:21:621 ERROR: ❌ Le mot de passe ne correspond pas au hash de la BDD.
01-12-2025 10:08:43:843 ERROR: ❌ Le mot de passe ne correspond pas au hash de la BDD.
01-12-2025 10:24:49:2449 ERROR: ❌ JWT expiré :
01-12-2025 10:27:49:2749 ERROR: ❌ Aucune session ne correcpond à ce code : ${code}
01-12-2025 10:28:14:2814 ERROR: ❌ Aucune session ne correcpond à ce code : 7773
01-12-2025 11:24:39:2439 ERROR: ❌ JWT expiré :
01-12-2025 11:24:39:2439 ERROR: ❌ JWT expiré :
01-12-2025 11:25:08:258 ERROR: ❌ JWT expiré :
01-12-2025 11:25:14:2514 ERROR: ❌ JWT expiré :
01-12-2025 13:05:43:543 ERROR: ❌ JWT expiré :
01-12-2025 13:05:43:543 ERROR: ❌ JWT expiré :
01-12-2025 13:08:22:822 ERROR: ❌ JWT expiré :
01-12-2025 13:08:22:822 ERROR: ❌ JWT expiré :
01-12-2025 13:08:22:822 ERROR: ❌ JWT expiré :
01-12-2025 15:42:17:4217 ERROR: ❌ JWT expiré :
01-12-2025 15:42:17:4217 ERROR: ❌ JWT expiré :
01-12-2025 15:42:17:4217 ERROR: ❌ JWT expiré :
01-12-2025 15:42:44:4244 ERROR: ❌ Le mot de passe ne correspond pas au hash de la BDD.
02-12-2025 15:46:10:4610 ERROR: ❌ JWT expiré :
02-12-2025 15:46:10:4610 ERROR: ❌ JWT expiré :
02-12-2025 15:51:10:5110 ERROR: ❌ Le mot de passe ne correspond pas au hash de la BDD.
02-12-2025 15:51:17:5117 ERROR: ❌ Le mot de passe ne correspond pas au hash de la BDD.
02-12-2025 15:51:24:5124 ERROR: ❌ Le mot de passe ne correspond pas au hash de la BDD.
02-12-2025 15:51:24:5124 ERROR: ❌ Le mot de passe ne correspond pas au hash de la BDD.
02-12-2025 15:51:25:5125 ERROR: ❌ Le mot de passe ne correspond pas au hash de la BDD.
02-12-2025 15:51:33:5133 ERROR: ❌ Le mot de passe ne correspond pas au hash de la BDD.
02-12-2025 15:51:51:5151 ERROR: ❌ Le mot de passe ne correspond pas au hash de la BDD.
02-12-2025 15:52:24:5224 ERROR: ❌ Le mot de passe ne correspond pas au hash de la BDD.
02-12-2025 15:53:23:5323 ERROR: ❌ Le mot de passe ne correspond pas au hash de la BDD.
02-12-2025 15:53:29:5329 ERROR: ❌ Le mot de passe ne correspond pas au hash de la BDD.
02-12-2025 15:54:05:545 ERROR: ❌ Le mot de passe ne correspond pas au hash de la BDD.
02-12-2025 15:56:58:5658 ERROR: ❌ Le mot de passe ne correspond pas au hash de la BDD.
02-12-2025 15:57:40:5740 ERROR: ❌ Le mot de passe ne correspond pas au hash de la BDD.
02-12-2025 15:58:08:588 ERROR: ❌ Le mot de passe ne correspond pas au hash de la BDD.
02-12-2025 16:02:16:216 ERROR: ❌ Le mot de passe ne correspond pas au hash de la BDD.
02-12-2025 16:05:18:518 ERROR: ❌ Le mot de passe ne correspond pas au hash de la BDD.
02-12-2025 16:06:21:621 ERROR: ❌ Le mot de passe ne correspond pas au hash de la BDD.
02-12-2025 16:06:39:639 ERROR: ❌ Le mot de passe ne correspond pas au hash de la BDD.
02-12-2025 16:07:21:721 ERROR: ❌ Le mot de passe ne correspond pas au hash de la BDD.
02-12-2025 16:08:40:840 ERROR: ❌ Le mot de passe ne correspond pas au hash de la BDD.
02-12-2025 16:11:46:1146 ERROR: ❌ Le mot de passe ne correspond pas au hash de la BDD.
02-12-2025 16:11:55:1155 ERROR: ❌ Le mot de passe ne correspond pas au hash de la BDD.
02-12-2025 16:11:56:1156 ERROR: ❌ Le mot de passe ne correspond pas au hash de la BDD.
02-12-2025 16:13:00:130 ERROR: ❌ Le mot de passe ne correspond pas au hash de la BDD.
02-12-2025 16:14:10:1410 ERROR: ❌ Le mot de passe ne correspond pas au hash de la BDD.
02-12-2025 16:14:20:1420 ERROR: ❌ Le mot de passe ne correspond pas au hash de la BDD.
02-12-2025 16:52:29:5229 ERROR: ❌ Le mot de passe ne correspond pas au hash de la BDD.
02-12-2025 16:52:46:5246 ERROR: ❌ Le mot de passe ne correspond pas au hash de la BDD.
02-12-2025 16:52:54:5254 ERROR: ❌ Le mot de passe ne correspond pas au hash de la BDD.
02-12-2025 16:52:59:5259 ERROR: ❌ Le mot de passe ne correspond pas au hash de la BDD.
02-12-2025 16:53:00:530 ERROR: ❌ Le mot de passe ne correspond pas au hash de la BDD.
02-12-2025 16:53:01:531 ERROR: ❌ Le mot de passe ne correspond pas au hash de la BDD.
02-12-2025 16:53:14:5314 ERROR: ❌ Le mot de passe ne correspond pas au hash de la BDD.
02-12-2025 16:53:19:5319 ERROR: ❌ Le mot de passe ne correspond pas au hash de la BDD.
02-12-2025 16:53:24:5324 ERROR: ❌ Le mot de passe ne correspond pas au hash de la BDD.
02-12-2025 16:53:24:5324 ERROR: ❌ Le mot de passe ne correspond pas au hash de la BDD.
02-12-2025 16:53:55:5355 ERROR: ❌ Le mot de passe ne correspond pas au hash de la BDD.
02-12-2025 16:54:07:547 ERROR: ❌ Le mot de passe ne correspond pas au hash de la BDD.
02-12-2025 16:54:22:5422 ERROR: ❌ Le mot de passe ne correspond pas au hash de la BDD.
02-12-2025 16:54:37:5437 ERROR: ❌ Le mot de passe ne correspond pas au hash de la BDD.
02-12-2025 16:57:20:5720 ERROR: ❌ Le mot de passe ne correspond pas au hash de la BDD.
02-12-2025 17:00:56:056 ERROR: ❌ Le mot de passe ne correspond pas au hash de la BDD.
02-12-2025 20:31:46:3146 ERROR: ❌ Le mot de passe ne correspond pas au hash de la BDD.
02-12-2025 22:16:06:166 ERROR: ❌ JWT expiré :
02-12-2025 22:16:06:166 ERROR: ❌ JWT expiré :
02-12-2025 22:24:08:248 ERROR: ❌ Le mot de passe ne correspond pas au hash de la BDD.
02-12-2025 22:25:43:2543 ERROR: ❌ Le mot de passe ne correspond pas au hash de la BDD.
02-12-2025 22:25:47:2547 ERROR: ❌ [signup] Utilisateur non trouvé.
02-12-2025 22:25:54:2554 ERROR: ❌ Le mot de passe ne correspond pas au hash de la BDD.
02-12-2025 23:03:59:359 ERROR: ❌ [signup] Utilisateur non trouvé.
02-12-2025 23:04:05:45 ERROR: ❌ Le mot de passe ne correspond pas au hash de la BDD.
02-12-2025 23:06:01:61 ERROR: ❌ [signup] Utilisateur non trouvé.
02-12-2025 23:06:06:66 ERROR: ❌ [signup] Utilisateur non trouvé.
02-12-2025 23:06:11:611 ERROR: ❌ [signup] Utilisateur non trouvé.
02-12-2025 23:06:17:617 ERROR: ❌ [signup] Utilisateur non trouvé.
02-12-2025 23:06:45:645 ERROR: ❌ Le mot de passe ne correspond pas au hash de la BDD.
03-12-2025 09:08:05:85 ERROR: ❌ [signup] Utilisateur non trouvé.
03-12-2025 09:08:14:814 ERROR: ❌ [signup] Utilisateur non trouvé.
03-12-2025 16:45:41:4541 ERROR: ❌ JWT expiré :
03-12-2025 16:45:41:4541 ERROR: ❌ JWT expiré :
03-12-2025 16:45:41:4541 ERROR: ❌ JWT expiré :
03-12-2025 16:45:51:4551 ERROR: ❌ [signup] Utilisateur non trouvé.
03-12-2025 16:45:56:4556 ERROR: ❌ Le mot de passe ne correspond pas au hash de la BDD.
03-12-2025 16:46:16:4616 ERROR: ❌ [signup] Utilisateur non trouvé.
03-12-2025 16:46:23:4623 ERROR: ❌ Le mot de passe ne correspond pas au hash de la BDD.
03-12-2025 22:53:31:5331 ERROR: ❌ JWT expiré :
03-12-2025 22:53:31:5331 ERROR: ❌ JWT expiré :
03-12-2025 22:55:39:5539 ERROR: ❌ Le mot de passe ne correspond pas au hash de la BDD.
04-12-2025 15:30:12:3012 ERROR: ❌ JWT expiré :
04-12-2025 15:30:12:3012 ERROR: ❌ JWT expiré :
04-12-2025 17:07:07:77 ERROR: ❌ Username, email et mot de passe requis.
04-12-2025 17:07:09:79 ERROR: ❌ Username, email et mot de passe requis.
04-12-2025 17:07:18:718 ERROR: ❌ Username, email et mot de passe requis.
04-12-2025 17:11:52:1152 ERROR: ❌ Username, email et mot de passe requis.
04-12-2025 17:15:12:1512 ERROR: ❌ Username, email et mot de passe requis.
04-12-2025 17:31:22:3122 ERROR: ❌ Username, email et mot de passe requis.
04-12-2025 17:31:56:3156 ERROR: ❌ Username, email et mot de passe requis.
04-12-2025 17:31:57:3157 ERROR: ❌ Username, email et mot de passe requis.
04-12-2025 17:32:00:320 ERROR: ❌ Username, email et mot de passe requis.
